<?xml version="1.0" encoding="UTF-8"?>
<testng-results ignored="0" total="1" passed="1" failed="0" skipped="0">
  <reporter-output>
  </reporter-output>
  <suite started-at="2020-10-16T11:21:23 BST" name="Suite" finished-at="2020-10-16T11:21:54 BST" duration-ms="31253">
    <groups>
      <group name="cucumber">
        <method signature="AbstractTestNGCucumberTests.feature(cucumber.api.testng.CucumberFeatureWrapper)[pri:0, instance:org.runner.Runner@f2f2cc1]" name="feature" class="cucumber.api.testng.AbstractTestNGCucumberTests"/>
      </group> <!-- cucumber -->
    </groups>
    <test started-at="2020-10-16T11:21:23 BST" name="Test" finished-at="2020-10-16T11:21:54 BST" duration-ms="31253">
      <class name="org.runner.Runner">
        <test-method is-config="true" signature="setUpClass()[pri:0, instance:org.runner.Runner@f2f2cc1]" started-at="2020-10-16T11:21:23 BST" name="setUpClass" finished-at="2020-10-16T11:21:24 BST" duration-ms="670" status="PASS">
          <reporter-output>
          </reporter-output>
        </test-method> <!-- setUpClass -->
        <test-method signature="feature(cucumber.api.testng.CucumberFeatureWrapper)[pri:0, instance:org.runner.Runner@f2f2cc1]" started-at="2020-10-16T11:21:24 BST" name="feature" description="Runs Cucumber Feature" data-provider="features" finished-at="2020-10-16T11:21:53 BST" duration-ms="28909" status="PASS">
          <params>
            <param index="0">
              <value>
                <![CDATA[To validate the functionality of facebook]]>
              </value>
            </param>
          </params>
          <reporter-output>
          </reporter-output>
        </test-method> <!-- feature -->
        <test-method is-config="true" signature="tearDownClass()[pri:0, instance:org.runner.Runner@f2f2cc1]" started-at="2020-10-16T11:21:53 BST" name="tearDownClass" finished-at="2020-10-16T11:21:54 BST" duration-ms="1203" status="PASS">
          <reporter-output>
          </reporter-output>
        </test-method> <!-- tearDownClass -->
      </class> <!-- org.runner.Runner -->
    </test> <!-- Test -->
  </suite> <!-- Suite -->
</testng-results>
